<?xml version="1.0" encoding="UTF-8"?>
<testsuite xmlns:xsi="http://www.w3.org/2001/XMLSchema-instance" xsi:noNamespaceSchemaLocation="https://maven.apache.org/surefire/maven-surefire-plugin/xsd/surefire-test-report.xsd" name="Examples" time="0.417" tests="3" errors="3" skipped="0" failures="0">
  <properties>
[...]
</properties>
  <testcase name="Example #1" classname="Examples" time="0.345">
    <error message="The step &apos;today is &quot;Friday&quot;&apos; is undefined.&#10;You can implement this step using the snippet(s) below:&#10;&#10;@Given(&quot;today is {string}&quot;)&#10;public void today_is(String string) {&#10;    // Write code here that turns the phrase above into concrete actions&#10;    throw new io.cucumber.java.PendingException();&#10;}&#10;" type="io.cucumber.junit.platform.engine.UndefinedStepException">io.cucumber.junit.platform.engine.UndefinedStepException: 
The step 'today is "Friday"' is undefined.
You can implement this step using the snippet(s) below:

@Given("today is {string}")
public void today_is(String string) {
    // Write code here that turns the phrase above into concrete actions
    throw new io.cucumber.java.PendingException();
}

</error>
    <system-out><![CDATA[
Scenario Outline: Today is or is not Friday &amp#27;[90m# com/sapient/trg/is_it_friday_yet.feature:25&amp#27;[0m
  &amp#27;[33mGiven &amp#27;[0m&amp#27;[33mtoday is "Friday"&amp#27;[0m                   &amp#27;[90m# null&amp#27;[0m
  &amp#27;[36mWhen &amp#27;[0m&amp#27;[36mI ask whether it's Friday yet&amp#27;[0m        &amp#27;[90m# com.sapient.trg.StepDefinitions.i_ask_whether_it_s_Friday_yet()&amp#27;[0m
  &amp#27;[36mThen &amp#27;[0m&amp#27;[36mI should be told &amp#27;[0m&amp#27;[36m&amp#27;[1m"TGIF"&amp#27;[0m              &amp#27;[90m# com.sapient.trg.StepDefinitions.i_should_be_told(java.lang.String)&amp#27;[0m
]]></system-out>
  </testcase>
  <testcase name="Example #2" classname="Examples" time="0.017">
    <error message="The step &apos;today is &quot;Sunday&quot;&apos; is undefined.&#10;You can implement this step using the snippet(s) below:&#10;&#10;@Given(&quot;today is {string}&quot;)&#10;public void today_is(String string) {&#10;    // Write code here that turns the phrase above into concrete actions&#10;    throw new io.cucumber.java.PendingException();&#10;}&#10;" type="io.cucumber.junit.platform.engine.UndefinedStepException">io.cucumber.junit.platform.engine.UndefinedStepException: 
The step 'today is "Sunday"' is undefined.
You can implement this step using the snippet(s) below:

@Given("today is {string}")
public void today_is(String string) {
    // Write code here that turns the phrase above into concrete actions
    throw new io.cucumber.java.PendingException();
}

</error>
    <system-out><![CDATA[
Scenario Outline: Today is or is not Friday &amp#27;[90m# com/sapient/trg/is_it_friday_yet.feature:26&amp#27;[0m
  &amp#27;[33mGiven &amp#27;[0m&amp#27;[33mtoday is "Sunday"&amp#27;[0m                   &amp#27;[90m# null&amp#27;[0m
  &amp#27;[36mWhen &amp#27;[0m&amp#27;[36mI ask whether it's Friday yet&amp#27;[0m        &amp#27;[90m# com.sapient.trg.StepDefinitions.i_ask_whether_it_s_Friday_yet()&amp#27;[0m
  &amp#27;[36mThen &amp#27;[0m&amp#27;[36mI should be told &amp#27;[0m&amp#27;[36m&amp#27;[1m"Nope"&amp#27;[0m              &amp#27;[90m# com.sapient.trg.StepDefinitions.i_should_be_told(java.lang.String)&amp#27;[0m
]]></system-out>
  </testcase>
  <testcase name="Example #3" classname="Examples" time="0.012">
    <error message="The step &apos;today is &quot;anything else!&quot;&apos; is undefined.&#10;You can implement this step using the snippet(s) below:&#10;&#10;@Given(&quot;today is {string}&quot;)&#10;public void today_is(String string) {&#10;    // Write code here that turns the phrase above into concrete actions&#10;    throw new io.cucumber.java.PendingException();&#10;}&#10;" type="io.cucumber.junit.platform.engine.UndefinedStepException">io.cucumber.junit.platform.engine.UndefinedStepException: 
The step 'today is "anything else!"' is undefined.
You can implement this step using the snippet(s) below:

@Given("today is {string}")
public void today_is(String string) {
    // Write code here that turns the phrase above into concrete actions
    throw new io.cucumber.java.PendingException();
}

</error>
    <system-out><![CDATA[
Scenario Outline: Today is or is not Friday &amp#27;[90m# com/sapient/trg/is_it_friday_yet.feature:27&amp#27;[0m
  &amp#27;[33mGiven &amp#27;[0m&amp#27;[33mtoday is "anything else!"&amp#27;[0m           &amp#27;[90m# null&amp#27;[0m
  &amp#27;[36mWhen &amp#27;[0m&amp#27;[36mI ask whether it's Friday yet&amp#27;[0m        &amp#27;[90m# com.sapient.trg.StepDefinitions.i_ask_whether_it_s_Friday_yet()&amp#27;[0m
  &amp#27;[36mThen &amp#27;[0m&amp#27;[36mI should be told &amp#27;[0m&amp#27;[36m&amp#27;[1m"Nope"&amp#27;[0m              &amp#27;[90m# com.sapient.trg.StepDefinitions.i_should_be_told(java.lang.String)&amp#27;[0m
]]></system-out>
  </testcase>
</testsuite>